--------------------------------------------------------------------------------------------------------------------------------------------------------
      name:  <unnamed>
       log:  C:\Users\ana.ruhe\Documents\Capital_Humano\Rotina_amostra.log
  log type:  text
 opened on:   5 Oct 2021, 20:32:53

. 
. ******************************************************
. * FGV IBRE - Instituto Brasileiro de Economia
. * Núcleo de Mercado de Trabalho
. * Projeto: Capital Humano e Produtividade
. * Ana Paula Nothen Ruhe
. * Outubro/2021
. 
. * ROTINA SELEÇÃO AMOSTRA
. ******************************************************
. 
. 
. * DADOS **********************************************
.   use "$dirdata/PNADC2012_2021_limpa.dta", clear

.   
. /* Lista das variáveis:
>         Ano        | Ano
>         Trimestre  | Trimestre
>         UF         | UF
>         V1027      | Peso trimestral com correção de não entrevista SEM PÓS ESTRATIFICAÇÃO pela projeção de população
>         V1028      | Peso trimestral com correção de não entrevista COM PÓS ESTRATIFICAÇÃO pela projeção de população  
>         V1029      | Projeção da população
>         
>     V2007      | Sexo
>         V2009      | Idade
>         V2010      | Cor ou raça
>         
>         V3003      | Qual o curso que frequenta (Até 2o tri 2015)
>         V3003A     | Qual o curso que frequenta (A partir do 3o tri de 2015)
>         V3009      | Qual o curso mais elevado que frequentou anteriormente (Até 2o tri 2015)
>         V3009A     | Qual o curso mais elevado que frequentou anteriormente (A partir do 3o tri de 2015)
>                 
>         VD3004     | Nível de educação mais elevado alcançado (TRÊS FASES: 2012 a set/2015; out/2015 a dez/2017; jan/2018 a presente) 
>         VD3005     | Anos de estudo                           (TRÊS FASES: 2012 a set/2015; out/2015 a dez/2017; jan/2018 a presente) 
>                      * Obs: variável parcialmente categória; 16 = 16 anos ou mais 
>         VD3006     | Grupos de anos de estudo                 (TRÊS FASES: 2012 a set/2015; out/2015 a dez/2017; jan/2018 a presente)
>         
>         VD4001     | Condição na força de trabalho
>         VD4002     | Condição de ocupação
>         VD4009     | Posição na ocupação 
>         VD4010     | Atividade principal do setor
>         VD4016     | Rendimento habitual mensal (trabalho principal)
>         VD4017     | Rendimento efetivo mensal  (trabalho principal)
>         VD4019     | Rendimento habitual mensal (todos os trabalhos)
>         VD4020     | Rendimento efetivo mensal  (todos os trabalhos)
>         VD4031     | Horas habitualmente trabalhadas por semana (todos os trabalhos)
>         VD4032     | Horas efetivamente trabalhadas na semana   (trabalho principal)
>         VD4035     | Horas efetivamente trabalhadas na semana   (todos os trabalhos)
>         
>         Efetivo    | Deflator com base nos redimentos efetivos
>         Habitual   | Deflator com base nos rendimentos habituais        
> */ 
.   
. * RESTRIÇÃO DA AMOSTRA *******************************
. *** Removendo observações com missing values em variáveis fundamentais ou em categorias não desejadas:
. * Análise preliminar: 
.   mdesc VD4002 VD4019 VD4020 VD4031 VD4035 

    Variable    |     Missing          Total     Percent Missing
----------------+-----------------------------------------------
         VD4002 |   9,443,589       19001659          49.70
         VD4019 |    10752384       19001659          56.59
         VD4020 |    10752384       19001659          56.59
         VD4031 |    10361588       19001659          54.53
         VD4035 |    10361588       19001659          54.53
----------------+-----------------------------------------------

.    
. * Olhando apenas para as observações na força de trabalho (VD4001=1):   
.   preserve

.   drop if VD4001!=1
(9,443,589 observations deleted)

.   mdesc VD4002 VD4019 VD4020 VD4031 VD4035

    Variable    |     Missing          Total     Percent Missing
----------------+-----------------------------------------------
         VD4002 |           0      9,558,070           0.00
         VD4019 |   1,308,795      9,558,070          13.69
         VD4020 |   1,308,795      9,558,070          13.69
         VD4031 |     917,999      9,558,070           9.60
         VD4035 |     917,999      9,558,070           9.60
----------------+-----------------------------------------------

.   restore

.    
. * Características da população por ocupação/desocupação:   
.   tab VD4002

   Condição |
         de |
  ocupação  |      Freq.     Percent        Cum.
------------+-----------------------------------
    Ocupado |  8,640,071       90.40       90.40
 Desocupado |    917,999        9.60      100.00
------------+-----------------------------------
      Total |  9,558,070      100.00

.   tab VD4002 [iw = Peso]

   Condição |
         de |
  ocupação  |      Freq.     Percent        Cum.
------------+-----------------------------------
    Ocupado | 3.4293e+09       89.54       89.54
 Desocupado |  400694699       10.46      100.00
------------+-----------------------------------
      Total | 3.8300e+09      100.00

.   
.   preserve

.   keep if VD4002 == 1
(10,361,588 observations deleted)

.   ** Ocupados: 
.   sum Idade VD3005 VD4019 VD4020 VD4031 VD4035

    Variable |        Obs        Mean    Std. Dev.       Min        Max
-------------+---------------------------------------------------------
       Idade |  8,640,071    39.09073    13.39964         14        123
      VD3005 |  8,640,071    9.775828    4.444877          0         16
      VD4019 |  8,249,275    1753.435    2715.215          1     350000
      VD4020 |  8,249,275    1778.272    2905.754          0     500000
      VD4031 |  8,640,071    39.34076    12.93436          1        120
-------------+---------------------------------------------------------
      VD4035 |  8,640,071    37.65024    14.58981          0        120

.   restore

.   
.   preserve

.   drop if VD4002 == 1
(8,640,071 observations deleted)

.   ** Desocupados e missing: 
.   sum Idade VD3005 VD4019 VD4020 VD4031 VD4035

    Variable |        Obs        Mean    Std. Dev.       Min        Max
-------------+---------------------------------------------------------
       Idade | 10,361,588    34.32455     24.4811          5        130
      VD3005 | 10,361,588    6.267832    4.564556          0         16
      VD4019 |          0
      VD4020 |          0
      VD4031 |          0
-------------+---------------------------------------------------------
      VD4035 |          0

.   restore

. 
.   
. * Manter apenas população ocupada 
.   keep if VD4002 == 1
(10,361,588 observations deleted)

.   
. * Missing values para rendimento de todos os trabalhos (habitual e efetivo)
.   mdesc VD4019 VD4020 VD4031 VD4035

    Variable    |     Missing          Total     Percent Missing
----------------+-----------------------------------------------
         VD4019 |     390,796      8,640,071           4.52
         VD4020 |     390,796      8,640,071           4.52
         VD4031 |           0      8,640,071           0.00
         VD4035 |           0      8,640,071           0.00
----------------+-----------------------------------------------

.   drop if VD4019 ==.
(390,796 observations deleted)

.   drop if VD4020 ==. 
(0 observations deleted)

.   
.   
. * Missing values para horas de todos os trabalhos (habitual e efetivo)
.   drop if VD4031 ==.
(0 observations deleted)

.   drop if VD4035 ==.
(0 observations deleted)

. 
. 
.   save "$dirdata/PNADC_amostra.dta", replace
file C:/Users/ana.ruhe/Documents/Capital_Humano/Dados/PNADC_amostra.dta saved

.   
.   
. * DEFLACIONAMENTO ************************************
. *** Calculando rendimentos (de todos os trabalhos) deflacionados  
.     gen VD4019_real = VD4019*Habitual

.     gen VD4020_real = VD4020*Efetivo

.   
.     order VD4019_real, after(VD4019)

.     order VD4020_real, after(VD4020)

.         
.         save "$dirdata/PNADC_amostra.dta", replace
file C:/Users/ana.ruhe/Documents/Capital_Humano/Dados/PNADC_amostra.dta saved

. 
.         
. /* Conferindo se funcionou: plotando as variáveis (descomentar) - média não representativa da população, apenas para ver o padrão geral.
>  * Rendimento Habitual: 
>    egen VD4019_medio = mean(VD4019), by(Ano)
>    egen VD4019_real_medio = mean(VD4019_real), by(Ano)
>    
>    line VD4019_medio VD4019_real_medio Ano
>    
>  * Rendimento Efetivo: 
>    egen VD4020_medio = mean(VD4020), by(Ano)
>    egen VD4020_real_medio = mean(VD4020_real), by(Ano)
>   
>    line VD4020_medio VD4020_real_medio Ano
> */
. 
. 
. * CALCULANDO LOG DOS SALÁRIOS ************************
.   gen logW_Habitual = ln(VD4019_real)

.   gen logW_Efetivo = ln(VD4020_real)
(224,701 missing values generated)

.   gen logW_Efetivo_0 = 0

.   replace logW_Efetivo_0 = ln(VD4020_real) if VD4020_real > 0
(8,024,574 real changes made)

.   
.   *** ATENÇÃO: existem observações com rendimento efetivo = 0. logW_Efetivo = . para essas observações. 
.   *** A variável logW_Efetivo_0 atribui valor 0 ao log do salário dessas observações.
.   
.   order logW_Habitual, after(VD4019_real)

.   order logW_Efetivo logW_Efetivo_0, after(VD4020_real)

.   
.   save "$dirdata/PNADC_amostra.dta", replace
file C:/Users/ana.ruhe/Documents/Capital_Humano/Dados/PNADC_amostra.dta saved

.   
.   * Analisando:
.     tab Sexo 

      Sexo  |      Freq.     Percent        Cum.
------------+-----------------------------------
      Homem |  4,910,014       59.52       59.52
     Mulher |  3,339,261       40.48      100.00
------------+-----------------------------------
      Total |  8,249,275      100.00

.         tab Cor 

     Cor ou |
      raça  |      Freq.     Percent        Cum.
------------+-----------------------------------
     Branca |  3,507,838       42.52       42.52
      Preta |    671,057        8.13       50.66
    Amarela |     35,380        0.43       51.09
      Parda |  4,008,668       48.59       99.68
   Indígena |     24,239        0.29       99.97
   Ignorado |      2,093        0.03      100.00
------------+-----------------------------------
      Total |  8,249,275      100.00

.         tab VD3006 

  Grupamento de anos de estudo (pessoas |
       de 5 anos ou mais de idade) para |
                               fundamen |      Freq.     Percent        Cum.
----------------------------------------+-----------------------------------
Sem instrução e menos de 1 ano de estud |    307,603        3.73        3.73
                   1 a 4 anos de estudo |    723,018        8.76       12.49
                   5 a 8 anos de estudo |  1,667,154       20.21       32.70
                  9 a 11 anos de estudo |  1,295,081       15.70       48.40
                 12 a 15 anos de estudo |  3,031,352       36.75       85.15
              16 anos ou mais de estudo |  1,225,067       14.85      100.00
----------------------------------------+-----------------------------------
                                  Total |  8,249,275      100.00

.         
.         preserve

.         keep if VD4020_real==0
(8,024,574 observations deleted)

.         tab Sexo 

      Sexo  |      Freq.     Percent        Cum.
------------+-----------------------------------
      Homem |    153,575       68.35       68.35
     Mulher |     71,126       31.65      100.00
------------+-----------------------------------
      Total |    224,701      100.00

.         tab Cor 

     Cor ou |
      raça  |      Freq.     Percent        Cum.
------------+-----------------------------------
     Branca |     76,637       34.11       34.11
      Preta |     19,462        8.66       42.77
    Amarela |        718        0.32       43.09
      Parda |    126,674       56.37       99.46
   Indígena |      1,132        0.50       99.97
   Ignorado |         78        0.03      100.00
------------+-----------------------------------
      Total |    224,701      100.00

.         tab VD3006 

  Grupamento de anos de estudo (pessoas |
       de 5 anos ou mais de idade) para |
                               fundamen |      Freq.     Percent        Cum.
----------------------------------------+-----------------------------------
Sem instrução e menos de 1 ano de estud |     20,454        9.10        9.10
                   1 a 4 anos de estudo |     41,107       18.29       27.40
                   5 a 8 anos de estudo |     63,529       28.27       55.67
                  9 a 11 anos de estudo |     36,141       16.08       71.75
                 12 a 15 anos de estudo |     51,054       22.72       94.47
              16 anos ou mais de estudo |     12,416        5.53      100.00
----------------------------------------+-----------------------------------
                                  Total |    224,701      100.00

.         restore

.   
.   log close
      name:  <unnamed>
       log:  C:\Users\ana.ruhe\Documents\Capital_Humano\Rotina_amostra.log
  log type:  text
 closed on:   5 Oct 2021, 20:34:01
--------------------------------------------------------------------------------------------------------------------------------------------------------
